<?xml version="1.0" encoding="UTF-8"?>
<!-- Generated by org.testng.reporters.JUnitReportReporter -->
<testsuite hostname="DESKTOP-9OBIME8" failures="0" tests="1" name="tests.SearchCase" time="44.454" errors="0" timestamp="2024-11-09T23:03:16 IST" skipped="0">
  <testcase classname="tests.SearchCase" name="search" time="44.454"/>
</testsuite> <!-- tests.SearchCase -->
