<?xml version="1.0" encoding="UTF-8"?>
<!-- Generated by org.testng.reporters.JUnitReportReporter -->
<testsuite hostname="DESKTOP-9OBIME8" failures="0" tests="2" name="tests.EmailLoginTest" time="34.194" errors="0" timestamp="2024-11-09T13:11:06 IST" skipped="0">
  <testcase classname="tests.EmailLoginTest" name="testClickSkipButton" time="0.035"/>
  <testcase classname="tests.EmailLoginTest" name="testEmailLogin" time="34.159"/>
</testsuite> <!-- tests.EmailLoginTest -->
