<?xml version="1.0" encoding="UTF-8"?>
<!-- Generated by org.testng.reporters.JUnitReportReporter -->
<testsuite hostname="DESKTOP-9OBIME8" failures="0" tests="1" name="tests.SkipButtonTest" time="40.708" errors="0" timestamp="2024-11-09T13:31:39 IST" skipped="0">
  <testcase classname="tests.SkipButtonTest" name="testClickSkipButton" time="40.708"/>
</testsuite> <!-- tests.SkipButtonTest -->
