<?xml version="1.0" encoding="UTF-8"?>
<!-- Generated by org.testng.reporters.JUnitReportReporter -->
<testsuite hostname="DESKTOP-9OBIME8" failures="0" tests="1" name="tests.SelectClass" time="2.159" errors="0" timestamp="2024-11-08T16:37:38 IST" skipped="0">
  <testcase classname="tests.SelectClass" name="testSelectEnglishLanguage" time="2.159"/>
</testsuite> <!-- tests.SelectClass -->
