<?xml version="1.0" encoding="UTF-8"?>
<!-- Generated by org.testng.reporters.JUnitReportReporter -->
<testsuite hostname="DESKTOP-9OBIME8" failures="0" tests="10" name="tests.TestCaseRunner" time="148.997" errors="0" timestamp="2024-11-11T12:47:09 IST" skipped="0">
  <testcase classname="tests.TestCaseRunner" name="loginTestCase" time="44.312"/>
  <testcase classname="tests.TestCaseRunner" name="editProfile" time="0.003"/>
  <testcase classname="tests.TestCaseRunner" name="searchCase" time="22.656"/>
  <testcase classname="tests.TestCaseRunner" name="filterCase" time="3.521"/>
  <testcase classname="tests.TestCaseRunner" name="sortByCase" time="3.484"/>
  <testcase classname="tests.TestCaseRunner" name="selectProductCase" time="5.322"/>
  <testcase classname="tests.TestCaseRunner" name="addToFavouritesTestCase" time="41.465"/>
  <testcase classname="tests.TestCaseRunner" name="addToCartTestCase" time="0.274"/>
  <testcase classname="tests.TestCaseRunner" name="goToCartTestCase" time="24.807"/>
  <testcase classname="tests.TestCaseRunner" name="placeOrderTestCase" time="3.153"/>
</testsuite> <!-- tests.TestCaseRunner -->
