<?xml version="1.0" encoding="UTF-8"?>
<!-- Generated by org.testng.reporters.JUnitReportReporter -->
<testsuite hostname="DESKTOP-9OBIME8" failures="0" tests="1" name="tests.EditProfileTest" time="11.955" errors="0" timestamp="2024-11-11T00:38:29 IST" skipped="0">
  <testcase classname="tests.EditProfileTest" name="editProfileTest" time="11.955"/>
</testsuite> <!-- tests.EditProfileTest -->
